[5/7/2013 14:52:54] /i backpack
[5/7/2013 14:53:3] /i emerald sword
[5/7/2013 14:53:50] /ghost
[5/7/2013 14:53:55] /goto arthas
[5/7/2013 14:54:14] /i crystal coin
[5/7/2013 14:54:22] /t
[5/7/2013 14:56:15] /b Hello all. I'm your friendly Auctioneer. I have a storeroom full of items to list on the marketplace. Msg me to request an item to be listed.
[7/7/2013 12:22:40] /reload creature
[7/7/2013 12:35:40] /goto lost thrower
[7/7/2013 12:36:12] /a 1
[7/7/2013 12:36:33] /down
[7/7/2013 12:39:7] /a 2
[7/7/2013 12:39:10] /a 2
[7/7/2013 12:39:20] /a 1
[7/7/2013 12:39:37] /up
[7/7/2013 12:42:28] /t
[7/7/2013 12:42:32] /i 467
[7/7/2013 12:42:41] /i 13189
[7/7/2013 12:42:45] /i 13188
[7/7/2013 12:42:50] /i 13191
[7/7/2013 12:53:32] /goto lost thrower
[7/7/2013 12:53:44] /t
[7/7/2013 18:11:5] /reload monsters
[18/7/2013 1:6:9] /goto class trainer simon
[18/7/2013 1:6:25] /t
