[29/6/2013 12:53:26] /town thane
[29/6/2013 14:29:25] /reload quests
[30/6/2013 14:3:40] /town thane
[30/6/2013 14:12:4] /addskill Vezox, level
[30/6/2013 14:12:7] /addskill Vezox, level
[30/6/2013 14:12:19] /addskill Dragon Girl, level
[30/6/2013 14:12:20] /addskill Dragon Girl, level
[30/6/2013 14:12:21] /addskill Dragon Girl, level
[30/6/2013 14:12:22] /addskill Dragon Girl, level
[30/6/2013 14:12:23] /addskill Dragon Girl, level
[30/6/2013 14:12:24] /addskill Dragon Girl, level
[30/6/2013 14:12:25] /addskill Dragon Girl, level
[30/6/2013 14:12:26] /addskill Dragon Girl, level
[30/6/2013 14:12:26] /addskill Dragon Girl, level
[30/6/2013 14:12:27] /addskill Dragon Girl, level
[30/6/2013 14:33:43] /shutdown 1
[30/6/2013 14:33:45] /t
[30/6/2013 14:35:49] /shutdown 1
[30/6/2013 19:38:30] /town thane
[30/6/2013 19:38:33] /ghost
[1/7/2013 13:13:42] /t
[1/7/2013 13:14:40] /b Server will be restarting in 15 minutes.
[1/7/2013 13:17:46] /i parcel
[1/7/2013 13:17:53] /i label
[1/7/2013 13:18:7] /i spellwand
[1/7/2013 13:18:12] /i spellwand
[1/7/2013 13:19:46] /b Server will be restarting in 10 minutes.
[1/7/2013 13:24:10] /c Vezox
[1/7/2013 13:24:41] /shutdown 5
[1/7/2013 13:25:10] /r
[1/7/2013 13:25:14] /r
[1/7/2013 13:26:11] /t vezox
[1/7/2013 13:35:37] /goto vezox
[1/7/2013 13:35:41] /i spellwand
[1/7/2013 13:35:52] /t
[1/7/2013 15:35:33] /reload creature
[1/7/2013 15:40:13] /reload creature
[1/7/2013 15:41:22] /reload creature
[1/7/2013 15:42:59] /reload creature
[1/7/2013 15:48:52] /kick Blood Rage Three
[1/7/2013 15:55:11] /reload creature
[1/7/2013 16:0:12] /reload creature
[1/7/2013 16:15:41] /reload outfits
[1/7/2013 16:24:7] /reload outfits
[1/7/2013 16:52:42] /addskill bubz, level
[1/7/2013 18:53:10] /town thane
[1/7/2013 18:53:12] /a 15
[1/7/2013 18:53:27] /a 3
[1/7/2013 18:53:32] /i crystal coin
[1/7/2013 19:11:6] /i soft boots
[1/7/2013 19:11:11] /i softboots
[1/7/2013 19:11:18] /i pair of soft boots
[1/7/2013 19:53:14] /ghost
[1/7/2013 19:53:23] /a 25
[2/7/2013 14:22:35] /addmount Vezox, 15
[2/7/2013 14:22:38] /t
[2/7/2013 14:32:57] /reload talk
[2/7/2013 14:33:2] /addmount
[2/7/2013 14:34:13] /reload talk
[2/7/2013 14:34:16] /addmount
[2/7/2013 14:36:10] /i parcel
[2/7/2013 14:36:13] /i label
[2/7/2013 14:36:26] /i carrot on a stick
[2/7/2013 14:36:37] /i slingshot
[2/7/2013 14:36:40] /i slingshot
[2/7/2013 14:36:41] /i slingshot
[2/7/2013 14:36:42] /i slingshot
[2/7/2013 14:36:56] /i backpack
[2/7/2013 14:37:13] /i backpack
[2/7/2013 14:37:31] /i explosion rune
[2/7/2013 14:37:41] /i explosion rune
[2/7/2013 14:37:44] /i explosion rune
[2/7/2013 14:37:47] /i explosion rune
[2/7/2013 14:37:49] /i explosion rune
[2/7/2013 14:37:51] /i explosion rune
[2/7/2013 14:37:54] /i explosion rune
[2/7/2013 14:37:56] /i explosion rune
[2/7/2013 14:37:58] /i explosion rune
[2/7/2013 14:38:1] /i explosion rune
[2/7/2013 14:38:4] /i explosion rune
[2/7/2013 14:38:7] /i explosion rune
[2/7/2013 14:38:10] /i explosion rune
[2/7/2013 14:38:13] /i explosion rune
[2/7/2013 14:38:16] /i explosion rune
[2/7/2013 14:38:22] /i explosion rune
[2/7/2013 14:38:23] /i explosion rune
[2/7/2013 14:38:24] /i explosion rune
[2/7/2013 14:38:25] /i explosion rune
[2/7/2013 14:38:26] /i explosion rune
[2/7/2013 14:38:39] /i backpack
[2/7/2013 14:38:46] /i light magic missile
[2/7/2013 14:38:52] /i light magic missile rune
[2/7/2013 14:38:55] /i light magic missile rune
[2/7/2013 14:38:55] /i light magic missile rune
[2/7/2013 14:38:56] /i light magic missile rune
[2/7/2013 14:38:57] /i light magic missile rune
[2/7/2013 14:39:7] /i light magic missile rune
[2/7/2013 14:39:8] /i light magic missile rune
[2/7/2013 14:39:8] /i light magic missile rune
[2/7/2013 14:39:9] /i light magic missile rune
[2/7/2013 14:39:9] /i light magic missile rune
[2/7/2013 14:39:16] /i light magic missile rune
[2/7/2013 14:39:16] /i light magic missile rune
[2/7/2013 14:39:19] /i light magic missile rune
[2/7/2013 14:39:20] /i light magic missile rune
[2/7/2013 14:39:20] /i light magic missile rune
[2/7/2013 14:39:34] /i light magic missile rune
[2/7/2013 14:39:34] /i light magic missile rune
[2/7/2013 14:39:35] /i light magic missile rune
[2/7/2013 14:39:36] /i light magic missile rune
[2/7/2013 14:39:36] /i light magic missile rune
[2/7/2013 14:39:47] /i light magic missile
[2/7/2013 14:39:50] /i backpack
[2/7/2013 14:40:3] /i intense healing rune
[2/7/2013 14:40:12] /i intense healing rune
[2/7/2013 14:40:12] /i intense healing rune
[2/7/2013 14:40:13] /i intense healing rune
[2/7/2013 14:40:13] /i intense healing rune
[2/7/2013 14:40:14] /i intense healing rune
[2/7/2013 14:40:14] /i intense healing rune
[2/7/2013 14:40:15] /i intense healing rune
[2/7/2013 14:40:15] /i intense healing rune
[2/7/2013 14:40:16] /i intense healing rune
[2/7/2013 14:40:16] /i intense healing rune
[2/7/2013 14:40:17] /i intense healing rune
[2/7/2013 14:40:17] /i intense healing rune
[2/7/2013 14:40:18] /i intense healing rune
[2/7/2013 14:40:18] /i intense healing rune
[2/7/2013 14:40:19] /i intense healing rune
[2/7/2013 14:40:19] /i intense healing rune
[2/7/2013 14:40:20] /i intense healing rune
[2/7/2013 14:40:26] /i intense healing rune
[2/7/2013 14:40:26] /i intense healing rune
[2/7/2013 14:40:37] /i backpack
[2/7/2013 14:40:42] /i sudden death rune
[2/7/2013 14:40:45] /i sudden death rune
[2/7/2013 14:40:45] /i sudden death rune
[2/7/2013 14:40:46] /i sudden death rune
[2/7/2013 14:40:47] /i sudden death rune
[2/7/2013 14:40:48] /i sudden death rune
[2/7/2013 14:40:48] /i sudden death rune
[2/7/2013 14:40:49] /i sudden death rune
[2/7/2013 14:40:50] /i sudden death rune
[2/7/2013 14:40:51] /i sudden death rune
[2/7/2013 14:40:51] /i sudden death rune
[2/7/2013 14:40:52] /i sudden death rune
[2/7/2013 14:40:53] /i sudden death rune
[2/7/2013 14:40:53] /i sudden death rune
[2/7/2013 14:40:54] /i sudden death rune
[2/7/2013 14:40:55] /i sudden death rune
[2/7/2013 14:40:55] /i sudden death rune
[2/7/2013 14:40:56] /i sudden death rune
[2/7/2013 14:40:57] /i sudden death rune
[2/7/2013 14:40:57] /i sudden death rune
[2/7/2013 14:41:13] /i noble axe
[2/7/2013 14:41:27] /i knight axe
[2/7/2013 14:41:38] /i dragon shield
[2/7/2013 14:41:46] /i demonic essence
[2/7/2013 14:42:1] /i demon backpack
[2/7/2013 14:42:31] /i lightning legs
[2/7/2013 14:42:40] /i jester doll
[2/7/2013 14:42:49] /i dragon lance
[2/7/2013 14:42:53] /i dragon lance
[2/7/2013 14:43:2] /i tallon
[2/7/2013 14:43:5] /i tallons
[2/7/2013 14:43:15] /i talon
[2/7/2013 14:43:31] /i pair of soft boots
[2/7/2013 14:43:51] /i crystal coin
[2/7/2013 14:44:30] /i crown armor
[2/7/2013 14:44:37] /i royal helmet
[2/7/2013 14:44:48] /i tera mantle
[2/7/2013 14:44:50] /i tera mantle armor
[2/7/2013 14:44:56] /i terra mantle armor
[2/7/2013 14:45:0] /i terra mantle
[2/7/2013 14:47:49] /i 5919
[2/7/2013 14:47:54] /goto vezox
[2/7/2013 14:47:59] /t
[2/7/2013 14:50:53] /goto vezox
[2/7/2013 14:50:56] /ghost
[2/7/2013 14:54:58] /addskill vezox, level
[2/7/2013 14:54:59] /addskill vezox, level
[2/7/2013 14:54:59] /addskill vezox, level
[2/7/2013 14:55:0] /addskill vezox, level
[2/7/2013 14:55:1] /addskill vezox, level
[2/7/2013 14:55:2] /addskill vezox, level
[2/7/2013 14:55:3] /addskill vezox, level
[2/7/2013 14:55:4] /addskill vezox, level
[2/7/2013 15:20:22] /addskill Vezox, magic
[2/7/2013 15:20:27] /addskill Vezox, magic
[2/7/2013 15:20:28] /addskill Vezox, magic
[2/7/2013 15:21:4] /addskill Vezox, fishing
[2/7/2013 15:21:21] /addskill Vezox, Shielding
[2/7/2013 15:21:25] /addskill Vezox, Shielding
[2/7/2013 15:22:4] /goto orshabaal
[2/7/2013 15:22:26] /r
[2/7/2013 15:22:30] /town thane
[2/7/2013 15:22:40] /a 12
[2/7/2013 15:22:44] /a 5
[2/7/2013 15:22:49] /a 2
[2/7/2013 15:31:32] /i 9699
[2/7/2013 15:31:57] /i 9697
[2/7/2013 15:32:57] /i 9696
[2/7/2013 15:34:7] /i 2089
[2/7/2013 15:36:19] /attr aid, 2402
[2/7/2013 15:36:41] /attr actionid, 2402
[2/7/2013 15:36:51] /attr aid 2402
[2/7/2013 15:37:7] /attr desc
[2/7/2013 15:37:11] /attr desc hello
[2/7/2013 15:37:18] /attr description hello
[2/7/2013 15:38:49] /i parcel
[2/7/2013 15:38:51] /i label
[2/7/2013 15:39:16] /i letter
[2/7/2013 15:47:54] /t Beatryx
[2/7/2013 15:51:24] /i toy mouse
[2/7/2013 15:51:28] /goto vezox
[2/7/2013 15:51:55] /a 15
[2/7/2013 15:51:58] /a 15
[2/7/2013 15:52:1] /a 2
[2/7/2013 15:52:3] /a 2
[2/7/2013 15:52:9] /goto vezox
[2/7/2013 15:52:23] /t
[2/7/2013 15:52:26] /town thane
[2/7/2013 15:52:28] /a 10
[2/7/2013 15:52:34] /a 1
[2/7/2013 15:52:43] /a 1
[2/7/2013 15:52:48] /a 1
[2/7/2013 17:23:28] /t
[3/7/2013 9:21:42] /i parcel
[3/7/2013 9:21:47] /i label
[3/7/2013 9:22:11] /i spellwand
[3/7/2013 9:22:13] /i spellwand
[3/7/2013 9:22:15] /i spellwand
[3/7/2013 9:22:17] /i spellwand
[3/7/2013 10:35:30] /goto orshabaal
[3/7/2013 10:35:35] /r
[3/7/2013 10:35:38] /t
[3/7/2013 15:56:6] /town thane
[3/7/2013 15:56:13] /ghost
[3/7/2013 16:0:6] /t
[3/7/2013 16:28:49] /goto orshabaal
[3/7/2013 16:28:51] /r
[3/7/2013 16:28:52] /t
[4/7/2013 13:20:13] /reload talk
[4/7/2013 16:2:9] /goto vezox
[4/7/2013 16:2:20] /down
[4/7/2013 16:2:25] /up
[4/7/2013 16:2:38] /ghost
[4/7/2013 16:2:54] /down
[4/7/2013 16:3:0] /up
[4/7/2013 16:3:24] /a 5
[4/7/2013 16:10:45] /goto vezox
[4/7/2013 16:13:34] /i 4822
[4/7/2013 16:14:13] /a 1
[4/7/2013 16:14:18] /i 4610
[4/7/2013 16:14:20] /i 4610
[4/7/2013 16:14:24] /a 1
[4/7/2013 16:14:25] /i 4610
[4/7/2013 16:14:27] /a 1
[4/7/2013 16:14:27] /i 4610
[4/7/2013 16:14:28] /a 1
[4/7/2013 16:14:29] /i 4610
[4/7/2013 16:14:34] /a 1
[4/7/2013 16:14:36] /a 1
[4/7/2013 16:14:38] /a 1
[4/7/2013 16:14:38] /a 1
[4/7/2013 16:14:40] /a 1
[4/7/2013 16:14:42] /a 1
[4/7/2013 16:14:45] /a 1
[4/7/2013 16:14:52] /t vezox
[4/7/2013 16:14:57] /c vezox
[4/7/2013 17:2:47] /t
[5/7/2013 7:57:16] /shutdown
[5/7/2013 8:10:45] /goto bubz
[5/7/2013 8:10:57] /shutdown
[5/7/2013 8:48:8] /shutdown
[5/7/2013 9:59:1] /r
[5/7/2013 9:59:11] /n Class Trainer Simon
[5/7/2013 9:59:13] /t
[5/7/2013 10:3:17] /reload creature
[5/7/2013 10:10:0] /shutdown 5
[5/7/2013 10:19:1] /goto kerser
[5/7/2013 10:19:8] /i crystal coin
[5/7/2013 10:19:22] /t
[5/7/2013 12:25:10] /goto class trainer simon
[5/7/2013 12:25:12] /r
[5/7/2013 12:25:16] /n class trainer simon
[5/7/2013 14:47:19] /t
[5/7/2013 14:47:24] /i locker
[5/7/2013 14:47:27] /t
[5/7/2013 14:47:31] /r
[5/7/2013 14:47:36] /i depot
[5/7/2013 14:47:40] /i depot box
[5/7/2013 14:47:49] /town thane
[5/7/2013 14:47:53] /ghost
[5/7/2013 14:48:8] /t
[5/7/2013 14:48:13] /i 1618
[5/7/2013 14:48:21] /i 2591
[5/7/2013 15:4:36] /town thane
[5/7/2013 15:4:51] /ghost
[5/7/2013 15:5:8] /m demon
[5/7/2013 15:5:15] /ghost
[5/7/2013 15:6:20] /ghost
[5/7/2013 15:7:4] /r
[5/7/2013 15:7:8] /r
[5/7/2013 15:8:54] /m Mangroth
[5/7/2013 15:9:56] /m Madareth
[5/7/2013 15:10:59] /r
[5/7/2013 15:11:1] /r
[5/7/2013 15:11:41] /t
[5/7/2013 15:20:1] /town thane
[5/7/2013 15:20:11] /ghost
[5/7/2013 15:20:12] /ghost
[5/7/2013 15:20:49] /t vezox
[5/7/2013 15:20:51] /m ghazbaran
[5/7/2013 15:21:5] /a 10
[5/7/2013 15:21:29] /a 3
[5/7/2013 15:21:33] /r
[5/7/2013 15:21:40] /r
[5/7/2013 15:21:43] /r
[5/7/2013 15:21:47] /r
[5/7/2013 15:22:25] /m hellhound
[5/7/2013 15:23:26] /r
[5/7/2013 15:23:56] /m zugurosh
[5/7/2013 15:25:2] /a 1
[5/7/2013 15:37:27] /r
[5/7/2013 15:38:23] /t
[6/7/2013 21:37:17] /goto vincent sherrill
[6/7/2013 21:37:20] /a 3
[6/7/2013 21:37:22] /r
[6/7/2013 21:37:30] /t
[7/7/2013 12:17:29] /shutdown
[7/7/2013 14:59:3] /reload monsters
[7/7/2013 15:0:40] /goto lost thrower
[7/7/2013 15:38:58] /reload monsters
[7/7/2013 16:29:51] /reload monsters
[7/7/2013 16:31:59] /goto corym skirmisher
[7/7/2013 16:34:8] /clean
[7/7/2013 16:34:14] /town thane
[7/7/2013 16:34:18] /ghost
[7/7/2013 16:34:21] /a 5
[7/7/2013 16:34:27] /a 2
[7/7/2013 16:34:30] /r
[7/7/2013 16:34:32] /r
[7/7/2013 16:34:32] /r
[7/7/2013 16:34:34] /r
[7/7/2013 16:34:34] /r
[7/7/2013 16:34:35] /r
[7/7/2013 16:34:36] /r
[7/7/2013 16:34:39] /a 1
[7/7/2013 16:34:41] /r
[7/7/2013 16:34:42] /r
[7/7/2013 16:34:43] /r
[7/7/2013 16:34:44] /r
[7/7/2013 16:34:45] /r
[7/7/2013 16:34:46] /r
[7/7/2013 16:34:47] /r
[7/7/2013 16:34:48] /r
[7/7/2013 16:34:49] /r
[7/7/2013 16:34:50] /r
[7/7/2013 16:34:51] /r
[7/7/2013 16:34:52] /r
[7/7/2013 16:34:53] /r
[7/7/2013 16:34:58] /r
[7/7/2013 16:35:6] /r
[7/7/2013 16:35:7] /r
[7/7/2013 16:35:8] /r
[7/7/2013 16:35:9] /r
[7/7/2013 16:35:11] /r
[7/7/2013 16:35:18] /r
[7/7/2013 16:35:19] /r
[7/7/2013 16:35:23] /r
[7/7/2013 16:35:24] /r
[7/7/2013 16:35:26] /r
[7/7/2013 16:35:27] /r
[7/7/2013 16:35:28] /r
[7/7/2013 16:35:30] /r
[7/7/2013 16:35:31] /r
[7/7/2013 16:35:32] /r
[7/7/2013 16:35:37] /a 1
[7/7/2013 16:35:40] /r
[7/7/2013 16:35:41] /r
[7/7/2013 16:35:42] /r
[7/7/2013 16:35:48] /r
[7/7/2013 16:35:49] /r
[7/7/2013 16:35:50] /r
[7/7/2013 16:35:51] /r
[7/7/2013 16:35:52] /r
[7/7/2013 16:35:53] /r
[7/7/2013 16:36:4] /a 2
[7/7/2013 16:36:10] /a 1
[7/7/2013 16:36:13] /r
[7/7/2013 16:36:14] /r
[7/7/2013 16:36:15] /r
[7/7/2013 16:36:15] /r
[7/7/2013 16:36:16] /r
[7/7/2013 16:36:17] /r
[7/7/2013 16:36:19] /r
[7/7/2013 16:36:20] /r
[7/7/2013 16:36:27] /r
[7/7/2013 16:36:29] /a 2
[7/7/2013 16:36:31] /r
[7/7/2013 16:36:32] /r
[7/7/2013 16:36:35] /r
[7/7/2013 16:36:36] /r
[7/7/2013 16:36:37] /r
[7/7/2013 16:36:40] /r
[7/7/2013 16:36:41] /r
[7/7/2013 16:36:42] /r
[7/7/2013 16:36:46] /r
[7/7/2013 16:36:49] /up
[7/7/2013 16:36:53] /a 2
[7/7/2013 16:36:56] /r
[7/7/2013 16:37:1] /a 2
[7/7/2013 16:37:4] /a 1
[7/7/2013 16:37:7] /r
[7/7/2013 16:37:8] /r
[7/7/2013 16:37:9] /r
[7/7/2013 16:37:13] /r
[7/7/2013 16:37:14] /r
[7/7/2013 16:37:18] /a 1
[7/7/2013 16:37:21] /r
[7/7/2013 16:37:27] /r
[7/7/2013 16:37:30] /a 1
[7/7/2013 16:37:35] /r
[7/7/2013 16:37:36] /r
[7/7/2013 16:37:37] /r
[7/7/2013 16:37:38] /r
[7/7/2013 16:37:42] /r
[7/7/2013 16:37:45] /r
[7/7/2013 16:37:56] /r
[7/7/2013 16:37:57] /r
[7/7/2013 16:37:58] /r
[7/7/2013 16:37:59] /r
[7/7/2013 16:38:0] /r
[7/7/2013 16:38:10] /t
[7/7/2013 16:55:7] /reload monsters
[7/7/2013 16:55:45] /reload monsters
[7/7/2013 18:13:54] /reload monsters
[7/7/2013 19:26:9] /reload creature
[7/7/2013 23:0:55] /reload actions
[7/7/2013 23:1:4] /i clay lump
[7/7/2013 23:1:12] /i clay lump
[7/7/2013 23:1:15] /i clay lump
[7/7/2013 23:1:18] /i clay lump
[7/7/2013 23:1:20] /i clay lump
[7/7/2013 23:1:23] /i clay lump
[7/7/2013 23:1:26] /i clay lump
[7/7/2013 23:1:27] /i clay lump
[7/7/2013 23:1:56] /i clay lump
[7/7/2013 23:1:59] /i clay lump
[7/7/2013 23:2:1] /i clay lump
[7/7/2013 23:2:12] /i clay lump
[7/7/2013 23:2:15] /i clay lump
[7/7/2013 23:2:17] /i clay lump
[7/7/2013 23:2:19] /i clay lump
[7/7/2013 23:2:24] /i clay lump
[7/7/2013 23:2:26] /i clay lump
[7/7/2013 23:2:28] /i clay lump
[7/7/2013 23:2:43] /reload actions
[7/7/2013 23:2:46] /i clay lump
[7/7/2013 23:2:51] /i clay lump
[7/7/2013 23:2:55] /reload actions
[7/7/2013 23:2:58] /i clay lump
[7/7/2013 23:3:9] /reload actions
[7/7/2013 23:3:11] /i clay lump
[7/7/2013 23:3:28] /reload actions
[7/7/2013 23:3:30] /i clay lump
[7/7/2013 23:3:31] /i clay lump
[7/7/2013 23:3:35] /i clay lump
[7/7/2013 23:3:40] /i clay lump
[7/7/2013 23:3:45] /i clay lump
[7/7/2013 23:3:49] /i clay lump
[9/7/2013 9:24:13] /shutdown
[9/7/2013 10:56:15] /reload talk
[9/7/2013 10:57:0] /reload talk
[9/7/2013 10:58:9] /reload talk
[9/7/2013 10:58:57] /reload talk
[9/7/2013 11:3:51] /reload talk
[9/7/2013 11:4:14] /reload talk
[9/7/2013 11:6:2] /reload talk
[9/7/2013 0:24:40] /reload talk
[9/7/2013 19:58:38] /b shutting down now
[9/7/2013 19:58:43] /shutdown
[10/7/2013 15:9:58] /goto lost thrower
[10/7/2013 15:10:51] /up
[10/7/2013 15:11:0] /a 2
[10/7/2013 15:11:10] /a 10
[10/7/2013 15:11:13] /a 2
[10/7/2013 15:12:1] /a 5
[10/7/2013 15:12:58] /a 1
[10/7/2013 15:13:16] /t
[10/7/2013 15:13:33] /ghost
[10/7/2013 15:13:34] /ghost
[10/7/2013 15:13:38] /goto dragon sorcerer
[10/7/2013 15:14:8] /a 2
[10/7/2013 15:14:11] /t
[11/7/2013 16:59:53] /goto black sheep
[11/7/2013 17:8:40] /reload monsters
[11/7/2013 17:8:43] /t
[12/7/2013 12:57:35] /goto Onjacks Tallback
[12/7/2013 12:57:39] /ghost
[12/7/2013 12:59:23] /attr aid, 2490
[12/7/2013 12:59:34] /attr aid 2490
[12/7/2013 13:5:13] /a 1
[12/7/2013 13:5:22] /a 1
[12/7/2013 13:9:42] /a 1
[12/7/2013 13:10:16] /i bread
[12/7/2013 13:10:43] /i cup, 12
[12/7/2013 13:10:47] /i cup, 11
[12/7/2013 13:10:51] /i cup, 10
[12/7/2013 13:10:54] /i cup, 9
[12/7/2013 13:10:57] /i cup, 8
[12/7/2013 13:11:1] /i cup, 7
[12/7/2013 13:11:30] /i cup, 6
[12/7/2013 13:11:34] /i cup, 5
[12/7/2013 13:11:37] /i cup, 4
[12/7/2013 13:11:40] /i cup, 3
[12/7/2013 13:11:43] /i cup, 3
[12/7/2013 13:11:44] /i cup, 3
[12/7/2013 13:12:34] /i cup, 3
[12/7/2013 13:13:32] /a 1
[12/7/2013 13:21:47] /goto lost thrower
[12/7/2013 13:22:16] /goto orc marauder
[12/7/2013 13:22:42] /goto terror bird
[12/7/2013 13:37:9] /t
[12/7/2013 16:23:11] /town thane
[12/7/2013 19:34:28] /ghost
[12/7/2013 19:34:32] /i key
[12/7/2013 19:34:37] /i breass key
[12/7/2013 19:34:43] /i brass key
[12/7/2013 19:35:32] /goto dragon lord
[12/7/2013 19:35:36] /goto crimson dragon
[12/7/2013 19:36:30] /up
[12/7/2013 19:36:37] /goto crimson dragon
[12/7/2013 19:36:39] /r
[12/7/2013 19:36:40] /goto crimson dragon
[12/7/2013 19:36:45] /a 5
[12/7/2013 19:36:49] /a 5
[12/7/2013 19:36:51] /a 5
[12/7/2013 19:36:57] /up
[12/7/2013 19:37:11] /a 5
[12/7/2013 19:37:16] /a 5
[12/7/2013 19:37:17] /a 5
[12/7/2013 19:37:34] /a 2
[12/7/2013 19:37:46] /a 2
[12/7/2013 19:37:53] /a 5
[12/7/2013 19:37:57] /a 5
[12/7/2013 19:37:58] /a 5
[12/7/2013 19:38:6] /a 5
[12/7/2013 19:40:16] /t
[13/7/2013 13:24:13] /ghost
[13/7/2013 13:24:15] /ghost
[13/7/2013 13:24:17] /town thane
[13/7/2013 13:28:8] /i 5919
[13/7/2013 13:30:7] /t
[13/7/2013 13:41:53] /goto vezox
[13/7/2013 13:42:5] /a 1
[13/7/2013 13:42:48] /a 2
[13/7/2013 13:42:57] /a 2
[13/7/2013 13:43:6] /a 2
[13/7/2013 13:43:41] /a 2
[13/7/2013 13:43:45] /a 2
[13/7/2013 13:43:49] /a 2
[13/7/2013 13:43:53] /a 2
[13/7/2013 13:58:32] /goto vezox
[13/7/2013 13:58:38] /ghost
[13/7/2013 13:58:53] /kick Vezox
[13/7/2013 13:59:18] /i letter
[13/7/2013 13:59:30] /t
[13/7/2013 14:4:22] /reload raids
[13/7/2013 14:4:26] /raid morgaroth
[13/7/2013 14:4:56] /reload raids
[13/7/2013 14:4:57] /raid morgaroth
[13/7/2013 14:5:10] /raid Morgaroth
[13/7/2013 14:5:20] /reload raids
[13/7/2013 14:5:22] /raid Morgaroth
[13/7/2013 14:9:8] /reload raids
[13/7/2013 14:9:13] /goto morgaroth
[13/7/2013 14:9:36] /t
[13/7/2013 15:45:36] /goto vezox
[13/7/2013 15:48:19] /r
[13/7/2013 15:49:11] /a 4
[13/7/2013 15:49:16] /a 2
[13/7/2013 15:50:41] /a 10
[13/7/2013 15:51:8] /a 10
[13/7/2013 15:51:18] /a 10
[13/7/2013 15:52:10] /ghost
[13/7/2013 15:56:52] /goto vezox
[13/7/2013 15:57:16] /a 5
[13/7/2013 16:1:21] /a 4
[13/7/2013 16:3:40] /i great mana potion
[13/7/2013 16:4:5] /goto Walt
[13/7/2013 16:4:30] /i ultimate mana potion
[13/7/2013 16:4:38] /goto vezox
[13/7/2013 16:6:4] /a 6
[13/7/2013 16:9:24] /a 10
[13/7/2013 16:10:3] /i the avenger
[13/7/2013 16:10:11] /i avenger
[13/7/2013 16:11:51] /a 4
[13/7/2013 16:13:1] /ghost
[13/7/2013 16:13:35] /goto ferumbras
[13/7/2013 16:13:38] /goto vezox
[13/7/2013 16:13:51] /ghost
[13/7/2013 16:16:59] /i great mana potion
[13/7/2013 16:22:27] /goto vezox
[13/7/2013 16:22:41] /t
[13/7/2013 23:7:31] /goto Beatryx
[13/7/2013 23:7:37] /n Rex
[13/7/2013 23:8:45] /n Rex
[13/7/2013 23:9:17] /n Rex
[13/7/2013 23:12:12] /n Rex
[13/7/2013 23:13:31] /reload npcs
[13/7/2013 23:13:34] /r
[13/7/2013 23:13:35] /n Rex
[13/7/2013 23:13:46] /t
[13/7/2013 23:57:6] /reload creature
[13/7/2013 23:57:46] /reload lib
[13/7/2013 23:57:51] /reload libraries
[13/7/2013 23:57:59] /reload achievements
[14/7/2013 23:15:24] /goto Scarab
[14/7/2013 23:15:29] /up
[14/7/2013 23:16:14] /down
[14/7/2013 23:16:55] /up
[14/7/2013 23:17:40] /down
[14/7/2013 23:22:57] /ghost
[14/7/2013 23:22:59] /ghost
[14/7/2013 23:23:3] /goto tremec
[14/7/2013 23:25:26] /t
[15/7/2013 2:29:12] /i strange helmet
[15/7/2013 17:24:58] /shutdown 5
[15/7/2013 17:45:45] /goto Jesse
[15/7/2013 17:46:29] /goto Oracle
[15/7/2013 17:46:40] /up
[15/7/2013 17:46:49] /c Skoal Ring
[15/7/2013 17:47:24] /t
[15/7/2013 18:23:50] /reload groups
[15/7/2013 18:34:0] /reload npcs
[15/7/2013 18:34:4] /goto benoir
[15/7/2013 18:34:35] /a 1
[15/7/2013 18:34:48] /t
[17/7/2013 1:12:10] /goto shark
[17/7/2013 1:12:15] /ghost
[17/7/2013 1:12:16] /ghost
[17/7/2013 1:12:37] /up
[17/7/2013 1:17:20] /up
[17/7/2013 1:17:47] /t
[17/7/2013 11:1:36] /town thane
[17/7/2013 11:1:38] /up
[17/7/2013 11:1:39] /up
[17/7/2013 11:1:51] /a 1
[17/7/2013 11:2:2] /a 10
[17/7/2013 11:2:8] /a 10
[17/7/2013 11:2:11] /a 4
[17/7/2013 11:2:14] /a 4
[17/7/2013 11:2:17] /a 4
[17/7/2013 11:2:18] /a 4
[17/7/2013 11:2:27] /a 1
[17/7/2013 11:2:28] /a 1
[17/7/2013 11:2:36] /a 10
[17/7/2013 11:2:58] /up
[17/7/2013 11:3:4] /down
[17/7/2013 11:3:5] /down
[17/7/2013 11:3:8] /down
[17/7/2013 11:3:10] /up
[17/7/2013 11:3:15] /up
[17/7/2013 11:3:18] /a 15
[17/7/2013 11:3:20] /a 15
[17/7/2013 11:3:23] /a 4
[17/7/2013 11:3:26] /a 4
[17/7/2013 11:3:28] /a 4
[17/7/2013 11:3:31] /a 4
[17/7/2013 11:3:35] /c vezox
[17/7/2013 11:3:44] /goto vezox
[17/7/2013 11:3:55] /town thane
[17/7/2013 11:4:0] /c vezox
[17/7/2013 11:4:4] /a 1
[17/7/2013 11:4:26] /a 10
[17/7/2013 11:4:27] /a 10
[17/7/2013 11:4:28] /a 10
[17/7/2013 11:4:34] /a 10
[17/7/2013 11:4:36] /a 1
[17/7/2013 11:4:39] /a 10
[17/7/2013 11:4:41] /a 1
[17/7/2013 11:4:46] /c verzox
[17/7/2013 11:4:49] /c vezox
[17/7/2013 11:6:9] /a 2
[17/7/2013 11:6:10] /a 2
[17/7/2013 11:6:11] /a 2
[17/7/2013 11:55:11] /reload npcs
[17/7/2013 11:55:15] /goto benoir
[17/7/2013 11:55:32] /t
[17/7/2013 12:6:0] /reload npcs
[17/7/2013 14:12:55] /reload npcs
[17/7/2013 14:13:34] /b Deepling EQ and Creature Products can now be sold to appropriate NPCs.
[17/7/2013 14:13:37] /ghost
[17/7/2013 14:13:39] /ghost
[17/7/2013 14:13:42] /goto vezox
[17/7/2013 14:29:42] /t
[17/7/2013 15:42:45] /reload creature
[17/7/2013 15:45:12] /reload creature
[17/7/2013 15:47:23] /reload creature
[17/7/2013 16:18:7] /reload vocations
[17/7/2013 18:5:50] /goto bubz
[17/7/2013 18:5:53] /ghost
[17/7/2013 18:5:54] /goto bubz
[17/7/2013 18:6:28] /up
[17/7/2013 18:6:35] /down
[17/7/2013 18:8:18] /t
[17/7/2013 18:14:39] /b BBL
[18/7/2013 0:50:33] /reload npcs
[18/7/2013 0:53:2] /reload npcs
[19/7/2013 0:30:10] /town thane
[19/7/2013 0:30:26] /up
[19/7/2013 0:30:31] /t
[19/7/2013 19:46:39] /reload npc
[20/7/2013 20:34:12] /reload movements
[20/7/2013 20:34:18] /goto roya~
[20/7/2013 20:34:21] /a 3
[20/7/2013 20:34:25] /c royal derp
[20/7/2013 20:34:27] /t
[21/7/2013 2:22:28] /goto benoir
[21/7/2013 2:22:43] /t
[21/7/2013 2:22:54] /i seeds
[21/7/2013 12:3:16] /shutdown
[21/7/2013 12:12:11] /reload monsters
[21/7/2013 16:8:19] /town thane
[21/7/2013 16:8:21] /ghost
[21/7/2013 16:8:40] /goto bloodcrab
[21/7/2013 16:8:44] /goto blood crab
[21/7/2013 16:9:10] /r
[21/7/2013 16:9:15] /r
[21/7/2013 16:10:55] /town thane
[21/7/2013 16:12:1] /t
[21/7/2013 16:13:45] /town thane
[21/7/2013 16:13:47] /a 5
[21/7/2013 16:13:48] /a 5
[21/7/2013 16:13:48] /a 5
[21/7/2013 16:13:49] /a 5
[21/7/2013 16:13:50] /a 5
[21/7/2013 16:13:52] /a 5
[21/7/2013 16:13:54] /a 5
[21/7/2013 16:17:13] /i studded armor
[21/7/2013 16:17:18] /i studded legs
[21/7/2013 16:17:28] /i studded shield
[21/7/2013 16:17:39] /i studded helmet
[21/7/2013 16:17:43] /i leather boots
[21/7/2013 16:17:45] /i sword
[21/7/2013 16:17:51] /i hearth stone
[21/7/2013 16:18:22] /i 12586
[21/7/2013 16:22:47] /goto rex
[21/7/2013 16:23:7] /i rainbow trout
[21/7/2013 16:23:31] /goto hyena
[21/7/2013 16:23:35] /goto hyenna
[21/7/2013 16:23:41] /a 25
[21/7/2013 16:23:48] /i fishing rod
[21/7/2013 16:25:19] /goto rex
[21/7/2013 16:28:47] /t
[21/7/2013 16:29:24] /goto elwynn
[21/7/2013 17:0:52] /t
[22/7/2013 9:58:27] /a 1
[22/7/2013 9:58:33] /a 1
[22/7/2013 9:58:34] /a 1
[22/7/2013 9:58:35] /a 1
[22/7/2013 9:58:37] /a 1
[22/7/2013 9:58:44] /goto tortoise
[22/7/2013 10:0:15] /a 25
[22/7/2013 10:0:18] /a 25
[22/7/2013 10:0:41] /a 10
[22/7/2013 10:1:14] /a 10
[22/7/2013 10:1:37] /a 10
[22/7/2013 10:1:41] /a 10
[22/7/2013 10:3:55] /t
[22/7/2013 10:3:59] /t
[22/7/2013 10:59:36] /shutdown 5
[22/7/2013 11:7:54] /goto royal derp
[22/7/2013 11:7:57] /r
[22/7/2013 11:8:3] /n rathtaak
[22/7/2013 11:8:9] /t
[22/7/2013 11:12:31] /goto royal derp
[22/7/2013 11:13:32] /t
[22/7/2013 11:13:35] /i 6440
[22/7/2013 11:14:33] /town thane
[22/7/2013 11:37:42] /shutdown 1
[22/7/2013 16:23:37] /owner 0
[22/7/2013 16:23:50] /t
[22/7/2013 16:31:17] /goto royal derp
[22/7/2013 16:33:56] /reload actions
[22/7/2013 16:34:13] /r
[22/7/2013 16:34:18] /i 4404
[22/7/2013 16:34:23] /r
[22/7/2013 16:34:27] /a 1
[22/7/2013 16:35:16] /t
[22/7/2013 16:50:24] /goto kerser
[22/7/2013 16:50:48] /a 5
[22/7/2013 16:50:49] /a 5
[22/7/2013 16:56:18] /r
[22/7/2013 16:56:28] /goto atilluhh
[22/7/2013 16:56:55] /goto atilluhh
[22/7/2013 16:57:57] /goto atilluhh
[22/7/2013 16:58:2] /goto kerser
[22/7/2013 16:58:10] /r
[22/7/2013 16:58:13] /r
[22/7/2013 16:58:18] /r
[22/7/2013 16:58:19] /r
[22/7/2013 17:0:11] /goto bubz
[22/7/2013 17:0:46] /c atilluhh
[22/7/2013 17:1:6] /goto bubz
[22/7/2013 17:1:21] /c atilluhh
[22/7/2013 17:1:22] /c kerser
[22/7/2013 17:6:27] /raid ferumbras
[22/7/2013 17:10:22] /t
[22/7/2013 18:7:12] /goto 1000, 1000, 7
[22/7/2013 18:8:32] /down
[22/7/2013 18:8:39] /up
[22/7/2013 18:8:45] /t
[22/7/2013 18:10:57] /i pot
[22/7/2013 18:11:12] /i pot, 7
[22/7/2013 18:11:24] /i empty potion flask
[22/7/2013 19:56:5] /ghost
[22/7/2013 19:56:6] /ghost
[22/7/2013 19:56:8] /goto vezox
[22/7/2013 19:57:37] /goto vezox
[22/7/2013 19:57:45] /t
[22/7/2013 20:9:35] /goto bubz
[22/7/2013 20:10:3] /ghost
[22/7/2013 20:12:2] /t
[22/7/2013 20:22:33] /b Deepling Guards got lost on their way to the Library. They have assured me they'll be there after next restart.
[22/7/2013 20:25:21] /shutdown 3
[22/7/2013 20:29:44] /goto deepling guard
[22/7/2013 20:31:38] /t
[23/7/2013 11:29:43] /goto royal derp
[23/7/2013 11:30:50] /t
[23/7/2013 11:33:13] /i 5107
[23/7/2013 11:33:21] /i 5112
[23/7/2013 11:34:16] /goto royal derp
[23/7/2013 11:35:31] /t
[23/7/2013 15:4:54] /town white-plume isle
[23/7/2013 15:6:41] /owner gm yodot
[23/7/2013 15:6:43] /a 1
[23/7/2013 15:6:45] /owner gm yodot
[23/7/2013 15:6:55] /owner 0
[23/7/2013 15:14:42] /t
[23/7/2013 17:13:13] /reload monsters
[23/7/2013 17:22:31] /goto lost guard
[23/7/2013 17:22:44] /ghost
[23/7/2013 17:22:49] /goto atilluhh
[23/7/2013 17:23:12] /goto lost basher
[23/7/2013 17:24:4] /reload spells
[23/7/2013 17:24:36] /t
[23/7/2013 22:15:25] /i 7655
[23/7/2013 22:15:46] /i watering can
[23/7/2013 22:15:50] /i seeds
[23/7/2013 22:23:53] /goto kintara
[23/7/2013 22:24:14] /goto kinarta
[23/7/2013 22:25:8] /shutdown
[23/7/2013 22:27:14] /reload actions
[23/7/2013 22:29:18] /reload actions
[23/7/2013 22:29:54] /reload actions
[23/7/2013 22:30:37] /reload actions
[23/7/2013 22:30:50] /t
[23/7/2013 22:31:0] /i 7655
[23/7/2013 22:31:12] /i 7655
[23/7/2013 22:31:38] /goto kinarta
[23/7/2013 22:31:44] /t
[23/7/2013 22:37:55] /reload actions
[23/7/2013 22:38:3] /i 7675
[23/7/2013 22:38:33] /reload actions
[23/7/2013 22:39:43] /reload actions
[23/7/2013 22:39:53] /i 7655
[23/7/2013 23:30:33] /shutdown
[23/7/2013 23:35:6] /reload talk
[23/7/2013 23:36:20] /reload talk
[23/7/2013 23:37:52] /reload talk
[23/7/2013 23:43:7] /reload talk
[23/7/2013 23:44:41] /reload talk
[23/7/2013 23:45:1] /reload talk
[23/7/2013 23:45:17] /reload talk
[23/7/2013 23:46:20] /reload talk
[23/7/2013 23:46:34] /reload talk
[23/7/2013 23:47:45] /reload talk
[23/7/2013 23:49:3] /reload talk
[23/7/2013 23:50:21] /i 4189
[23/7/2013 23:56:11] /reload talk
[23/7/2013 23:57:2] /reload talk
[23/7/2013 23:57:49] /reload talk
[23/7/2013 23:58:53] /reload talk
[23/7/2013 23:59:53] /reload talk
[24/7/2013 0:0:26] /reload talk
[24/7/2013 0:0:50] /reload talk
[24/7/2013 0:1:56] /reload talk
[24/7/2013 0:3:41] /reload talk
[24/7/2013 0:4:43] /reload talk
[24/7/2013 0:6:57] /reload talk
[24/7/2013 0:10:3] /reload talk
[24/7/2013 0:10:59] /reload talk
[24/7/2013 0:14:28] /reload talk
[24/7/2013 0:16:14] /reload talk
[24/7/2013 0:18:56] /reload talk
[24/7/2013 0:25:6] /reload talk
[24/7/2013 0:25:38] /reload talk
[24/7/2013 0:26:20] /reload talk
[24/7/2013 0:49:30] /reload talk
[24/7/2013 0:52:32] /reload creature
[24/7/2013 7:52:55] /shutdown 1
[24/7/2013 7:56:45] /t
[24/7/2013 7:56:47] /t
[24/7/2013 9:49:35] /reload talk
[24/7/2013 9:49:41] /ach GM Yodot, 2
[24/7/2013 9:50:52] /reload talk
[24/7/2013 9:50:55] /ach GM Yodot, 2
[24/7/2013 9:52:34] /reload talk
[24/7/2013 9:52:36] /ach GM Yodot, 2
[24/7/2013 9:54:50] /ach GM Yodot, 2
[24/7/2013 9:55:58] /ach royal derp, 2
[24/7/2013 9:57:50] /ach royal derp, 84
[24/7/2013 10:6:20] /reload talk
[24/7/2013 10:6:52] /ach Royal Derp, 84
[24/7/2013 10:7:13] /ach Royal Derp, 84
[24/7/2013 10:7:59] /reload talk
[24/7/2013 10:8:3] /ach Royal Derp, 84
[24/7/2013 10:8:12] /ach Royal Derp, 84
[24/7/2013 10:21:27] /reload talk
[24/7/2013 10:21:36] /ach Royal Derp, 84
[24/7/2013 10:22:1] /reload talk
[24/7/2013 10:22:4] /reload lib
[24/7/2013 10:22:9] /reload library
[24/7/2013 10:22:12] /reload libraries
[24/7/2013 10:22:19] /reload libs
[24/7/2013 10:22:32] /ach Royal Derp, 84
[24/7/2013 10:24:32] /shutdown 1
[24/7/2013 10:26:46] /ach gm yodot, 84
[24/7/2013 10:27:30] /ach royal derp, 1
[24/7/2013 10:30:39] /shutdown
[24/7/2013 10:31:21] /ach royal derp, 1
[24/7/2013 10:31:50] /shutdown
[24/7/2013 10:32:25] /ach royal derp, 1
[24/7/2013 10:32:36] /ach royal derp, 2
[24/7/2013 10:34:36] /reload talk
[24/7/2013 10:34:41] /ach royal derp, 2
[24/7/2013 10:35:22] /reload talk
[24/7/2013 10:35:23] /ach royal derp, 2
[24/7/2013 10:35:55] /reload talk
[24/7/2013 10:35:57] /ach royal derp, 2
[24/7/2013 11:9:50] /shutdown
[24/7/2013 11:10:59] /ach kinarta, 1
[24/7/2013 11:11:39] /shutdown
[24/7/2013 11:12:49] /ach kinarta, 1
[24/7/2013 11:37:37] /shutdown 1
[24/7/2013 11:40:49] /reload talk
[24/7/2013 11:43:8] /reload talk
[24/7/2013 11:44:30] /reload talk
[24/7/2013 11:45:14] /b The server might crash in 10 seconds, if it does it will restart immediately.
[24/7/2013 11:45:24] /ach Kinarta, 277
[24/7/2013 11:46:26] /reload talk
[24/7/2013 11:46:30] /ach Kinarta, 277
[24/7/2013 11:47:22] /reload talk
[24/7/2013 11:47:24] /ach Kinarta, 277
[24/7/2013 12:0:6] /reload talk
[24/7/2013 12:1:12] /reload talk
[24/7/2013 12:5:20] /reload talk
[24/7/2013 12:6:31] /reload talk
[24/7/2013 12:20:27] /reload talk
[24/7/2013 12:22:8] /reload talk
[24/7/2013 12:23:0] /reload talk
[24/7/2013 12:25:0] /reload talk
[24/7/2013 12:25:9] /town thane
[24/7/2013 12:26:57] /ghost
[24/7/2013 13:1:24] /goto atilluhh
[24/7/2013 13:1:38] /town thane
[24/7/2013 13:2:5] /i mycological bow
[24/7/2013 13:5:50] /m mad sheep
[24/7/2013 13:5:51] /m mad sheep
[24/7/2013 13:6:6] /t
[24/7/2013 13:40:47] /reload spells
[24/7/2013 13:41:39] /reload spells
[24/7/2013 13:41:51] /reload monsters
[24/7/2013 13:42:0] /reload talk
[24/7/2013 13:44:22] /reload monsters
[24/7/2013 13:44:25] /reload talk
[24/7/2013 13:44:50] /m tamed bear
[24/7/2013 13:44:55] /r
[24/7/2013 13:47:4] /reload talk
[24/7/2013 13:50:19] /reload talk
[24/7/2013 13:51:32] /reload talk
[24/7/2013 13:52:44] /reload monsters
[24/7/2013 13:53:17] /reload monsters
[24/7/2013 13:53:50] /reload monsters
[24/7/2013 13:55:59] /reload talk
[24/7/2013 13:58:34] /reload talk
[24/7/2013 14:0:31] /reload talk
[24/7/2013 14:7:31] /reload talk
[24/7/2013 14:12:28] /reload talk
[24/7/2013 14:19:25] /reload talk
[24/7/2013 15:50:29] /reload talk
[24/7/2013 16:0:33] /reload talk
[24/7/2013 16:24:55] /reload talk
[24/7/2013 16:57:16] /reload talk
[24/7/2013 17:2:12] /reload talk
[24/7/2013 17:7:3] /reload talk
[24/7/2013 17:12:48] /reload talk
[24/7/2013 17:14:33] /reload talk
[24/7/2013 17:15:24] /reload talk
[24/7/2013 17:16:27] /reload monsters
[24/7/2013 17:17:36] /reload talk
[24/7/2013 17:21:35] /reload talk
[24/7/2013 17:22:49] /reload talk
[24/7/2013 17:31:48] /reload talk
[24/7/2013 17:32:18] /reload talk
[24/7/2013 17:36:40] /reload monsters
[24/7/2013 17:36:41] /reload talk
[24/7/2013 17:44:58] /reload spells
[24/7/2013 17:46:51] /reload spells
[24/7/2013 17:46:53] /reload talk
[24/7/2013 17:56:18] /reload monsters
[24/7/2013 17:56:58] /reload monsters
[24/7/2013 18:4:16] /reload spells
[24/7/2013 18:5:32] /reload spells
[24/7/2013 18:7:26] /reload spells
[24/7/2013 18:15:24] /reload spells
[24/7/2013 18:17:11] /reload spells
[24/7/2013 18:22:9] /shutdown
[24/7/2013 18:25:30] /shutdown
[24/7/2013 18:28:11] /reload spells
[24/7/2013 18:54:40] /reload spells
[24/7/2013 23:48:18] /reload spells
[24/7/2013 23:50:10] /reload spells
[24/7/2013 23:50:16] /r
[24/7/2013 23:51:22] /reload spells
[24/7/2013 23:52:29] /reload spells
[24/7/2013 23:52:33] /r
[24/7/2013 23:53:41] /reload spells
[24/7/2013 23:57:38] /reload spells
[25/7/2013 0:0:3] /reload spells
[25/7/2013 0:0:11] /r
[25/7/2013 0:0:13] /r
[25/7/2013 0:0:15] /r
[25/7/2013 0:0:16] /r
[25/7/2013 0:0:17] /r
[25/7/2013 0:1:11] /goto stay gold
[25/7/2013 0:1:20] /ghost
[25/7/2013 0:1:21] /ghost
[25/7/2013 0:9:22] /reload spells
[25/7/2013 0:10:44] /reload spells
[25/7/2013 0:37:57] /reload spells
[25/7/2013 0:38:13] /r
[25/7/2013 0:38:21] /i 10419
[25/7/2013 0:38:34] /r
[25/7/2013 0:38:41] /r
[25/7/2013 0:40:42] /r
[25/7/2013 0:43:12] /reload raids
[25/7/2013 0:43:16] /raid morgaroth
[25/7/2013 1:3:57] /goto morgaroth
[25/7/2013 1:4:0] /r
[25/7/2013 1:4:29] /m ghazaban
[25/7/2013 1:4:36] /m ghazbaran
[25/7/2013 1:4:39] /t
[25/7/2013 1:4:48] /goto ghazbaran
[25/7/2013 1:4:59] /t
[25/7/2013 1:5:5] /b 01:04 You see Ghazbaran.
[25/7/2013 1:5:20] /b same place
[25/7/2013 1:14:9] /b simply because I'm pro
[25/7/2013 1:14:35] /b so yeh, I'll leave playing to the player, and I'll stick to scripting :)
[25/7/2013 1:23:40] /raid ferumbras
[25/7/2013 1:27:38] /ghost
[25/7/2013 1:27:41] /goto bubz
[25/7/2013 1:30:29] /m rat
[25/7/2013 1:31:11] /ghost
[25/7/2013 1:31:34] /ghost
[25/7/2013 1:31:34] /ghost
[25/7/2013 1:31:35] /ghost
[25/7/2013 1:31:36] /ghost
[25/7/2013 1:32:21] /t
[25/7/2013 7:41:59] /reload monsters
[25/7/2013 7:42:3] /reload spells
[25/7/2013 7:44:58] /reload spells
[25/7/2013 11:31:3] /reload monsters
[25/7/2013 11:32:22] /reload spells
[25/7/2013 12:42:8] /reload monsters
[25/7/2013 12:42:11] /reload spells
[25/7/2013 12:45:58] /reload monsters
[25/7/2013 12:46:5] /reload spells
[25/7/2013 12:47:25] /reload spells
[25/7/2013 12:48:23] /reload spells
[25/7/2013 12:48:53] /reload spells
[25/7/2013 12:55:1] /reload spells
[25/7/2013 12:58:16] /reload spells
[25/7/2013 13:20:16] /reload spells
[25/7/2013 13:21:21] /reload spells
[25/7/2013 13:23:18] /reload spells
[25/7/2013 13:28:40] /reload monsters
[25/7/2013 13:56:50] /reload spells
[25/7/2013 13:58:4] /reload spells
[25/7/2013 14:0:33] /reload spells
[25/7/2013 14:3:4] /reload spells
[25/7/2013 14:4:17] /reload spells
[25/7/2013 14:10:59] /reload spells
[25/7/2013 14:12:19] /reload spells
[25/7/2013 14:15:0] /reload spells
[25/7/2013 14:15:36] /reload spells
[25/7/2013 14:21:30] /reload spells
[25/7/2013 14:24:30] /reload spells
[25/7/2013 14:27:42] /reload spells
[25/7/2013 17:20:20] /reload spells
[27/7/2013 13:31:2] /ach
[27/7/2013 13:39:24] /shutdown
[27/7/2013 13:53:0] /reload creature
[27/7/2013 15:37:31] /shutdown
[28/7/2013 3:11:3] /reload talk
[28/7/2013 3:11:9] /ach
[28/7/2013 3:13:8] /reload talk
[28/7/2013 3:13:11] /ach
[28/7/2013 3:16:30] /reload talk
[28/7/2013 3:16:33] /ach
[28/7/2013 3:18:14] /reload talk
[28/7/2013 3:18:21] /ach
[28/7/2013 3:22:49] /ach
[28/7/2013 3:29:46] /reload talk
[28/7/2013 3:29:48] /ach
[28/7/2013 3:30:50] /reload talk
[28/7/2013 3:30:52] /ach
[28/7/2013 3:32:3] /reload talk
[28/7/2013 3:32:5] /ach
[28/7/2013 3:35:11] /reload talk
[28/7/2013 3:35:14] /ach
[28/7/2013 3:40:6] /reload talk
[28/7/2013 3:40:10] /ach
[28/7/2013 3:41:38] /reload talk
[28/7/2013 3:41:40] /ach
[28/7/2013 3:43:6] /reload talk
[28/7/2013 3:43:9] /ach
[28/7/2013 3:43:48] /reload talk
[28/7/2013 3:43:52] /ach
[28/7/2013 3:44:34] /reload talk
[28/7/2013 3:47:45] /ghost
[28/7/2013 3:47:53] /goto farkov carnt
[28/7/2013 3:54:24] /reload talk
[28/7/2013 3:54:26] /goto farkov carnt
[28/7/2013 3:58:18] /reload talk
[28/7/2013 3:58:24] /goto farkov carnt
[28/7/2013 3:59:30] /goto farkov carnt
[28/7/2013 4:0:9] /r
[28/7/2013 4:0:14] /goto farkov carnt
[28/7/2013 4:0:24] /goto farkov carnt
[28/7/2013 4:11:34] /t
[28/7/2013 4:11:38] /reload npc
[28/7/2013 4:11:43] /n test npc
[28/7/2013 4:14:59] /reload npc
[28/7/2013 4:17:53] /goto farvov carnt
[28/7/2013 4:18:5] /ghost
[28/7/2013 4:18:5] /ghost
[28/7/2013 4:18:7] /goto farkvov carnt
[28/7/2013 4:18:13] /goto farkov carnt
[28/7/2013 4:18:27] /t
[28/7/2013 4:20:2] /reload npc
[28/7/2013 4:22:23] /reload npc
[28/7/2013 4:27:59] /reload npc
[28/7/2013 4:32:14] /ach
[28/7/2013 4:32:53] /n test npc
[28/7/2013 4:32:56] /ach
[28/7/2013 4:33:44] /reload talk
[28/7/2013 4:33:45] /ach
[28/7/2013 4:34:53] /n test npc
[28/7/2013 4:36:41] /reload npc
[28/7/2013 4:37:4] /reload npc
[28/7/2013 4:37:7] /r
[28/7/2013 4:37:19] /n test npc
[28/7/2013 4:37:57] /reload npc
[28/7/2013 4:38:33] /reload npc
[28/7/2013 4:39:54] /reload talk
[28/7/2013 4:39:58] /ach
[28/7/2013 4:41:1] /reload talk
[28/7/2013 4:41:33] /r
[28/7/2013 4:41:36] /town thane
[28/7/2013 4:41:52] /n test npc
[28/7/2013 4:42:1] /t
[28/7/2013 4:44:21] /reload npcs
[28/7/2013 4:47:9] /reload npcs
[28/7/2013 4:49:10] /reload npcs
[28/7/2013 4:50:50] /reload npcs
[28/7/2013 4:54:28] /goto farkov carnt
[28/7/2013 4:54:37] /m mad sheep
[28/7/2013 4:54:38] /m mad sheep
[28/7/2013 4:56:12] /r
[28/7/2013 4:56:13] /r
[28/7/2013 4:56:16] /r
[28/7/2013 4:56:26] /t
[28/7/2013 15:8:22] /goto rtandwick
[28/7/2013 15:8:26] /goto randwick
[28/7/2013 15:10:13] /i ring of invisibility
[28/7/2013 15:10:26] /i invisibility ring
[28/7/2013 15:10:32] /i stealth ring
[28/7/2013 15:13:59] /t
[28/7/2013 15:21:6] /reload npcs
[28/7/2013 15:21:8] /town thane
[28/7/2013 15:21:19] /c text npc
[28/7/2013 15:21:24] /c test npc
[28/7/2013 15:21:34] /c randwick
[28/7/2013 15:24:28] /reload actions
[28/7/2013 15:36:54] /t
[28/7/2013 15:37:2] /town thane
[28/7/2013 16:40:53] /reload npcs
[28/7/2013 16:40:58] /goto randwick
[28/7/2013 16:44:5] /reload npcs
[28/7/2013 16:44:31] /reload npcs
[28/7/2013 16:45:16] /town thane
[28/7/2013 16:52:10] /goto randwick
[28/7/2013 16:53:55] /reload npcs
[28/7/2013 16:55:25] /down
[28/7/2013 16:55:30] /c Randwick
[28/7/2013 16:55:35] /t
[28/7/2013 16:55:44] /t
[28/7/2013 16:55:46] /town thane
[28/7/2013 16:55:56] /ghost
[28/7/2013 17:12:11] /reload npcs
[28/7/2013 18:30:14] /ghost
[28/7/2013 18:30:32] /ghost
[28/7/2013 20:14:31] /reload npcs
[28/7/2013 20:16:11] /t
[28/7/2013 22:33:33] /goto royal derp
[28/7/2013 22:33:41] /n test npc
[28/7/2013 22:33:42] /t
[29/7/2013 12:57:51] /reload npcs
[29/7/2013 12:57:55] /goto randwick
[29/7/2013 12:59:43] /reload npcs
[29/7/2013 12:59:59] /c royal derp
[29/7/2013 13:1:34] /reload npcs
[29/7/2013 13:4:11] /reload npcs
[29/7/2013 13:8:34] /reload npcs
[29/7/2013 13:11:11] /reload npcs
[29/7/2013 13:13:19] /reload npcs
[29/7/2013 13:14:23] /reload npcs
[29/7/2013 13:16:7] /reload npcs
[29/7/2013 15:54:37] /t
[29/7/2013 18:45:53] /town thane
[29/7/2013 19:7:35] /goto morgaroth
[29/7/2013 19:7:41] /r
[29/7/2013 19:7:42] /t
[29/7/2013 19:7:44] /town thaner
[29/7/2013 19:7:46] /town thane
[29/7/2013 20:5:36] /goto deepling guard
[29/7/2013 20:5:43] /a 4
[29/7/2013 20:6:19] /i key to the drowned library
[29/7/2013 20:10:33] /reload actions
[29/7/2013 20:15:1] /t
[29/7/2013 23:45:26] /goto tanjis
[29/7/2013 23:47:49] /ghost
[29/7/2013 23:49:1] /goto kerser
[29/7/2013 23:56:47] /t
[30/7/2013 0:4:55] /goto morgaroth
[30/7/2013 0:16:2] /t
[30/7/2013 17:26:21] /shutdown
[30/7/2013 18:42:16] /reload actions
[30/7/2013 20:43:26] /reload spells
[30/7/2013 20:48:33] /reload spells
[30/7/2013 21:2:44] /reload spells
[31/7/2013 0:10:6] /i 7655
[31/7/2013 0:10:16] /r
[31/7/2013 0:10:17] /i 7655
[31/7/2013 0:10:26] /i 7732
[31/7/2013 0:10:48] /reload move
[31/7/2013 0:10:59] /i gold coin
[31/7/2013 12:23:29] /goto mad sheep
[31/7/2013 12:23:35] /c royal derp
[31/7/2013 12:23:50] /t
[31/7/2013 12:28:54] /i small stone
[31/7/2013 12:29:12] /i small stone
[31/7/2013 12:29:17] /goto royal derp
[31/7/2013 12:30:7] /t
[31/7/2013 17:9:19] /reload spells
[31/7/2013 17:15:39] /reload spells
[31/7/2013 17:18:3] /reload spells
[31/7/2013 18:41:11] /town thane
[31/7/2013 18:41:31] /ghost
[31/7/2013 18:41:38] /i swamp fish
[31/7/2013 18:47:4] /t
[31/7/2013 20:2:42] /goto royal derp
[31/7/2013 20:2:50] /r
[31/7/2013 20:2:52] /r
[31/7/2013 20:2:53] /t
[1/8/2013 10:49:18] /i 8976
[1/8/2013 12:39:0] /i 18527
[1/8/2013 12:39:22] /attr slot head
[1/8/2013 12:39:29] /attr itemslot
[1/8/2013 12:39:32] /attr itemslot head
[1/8/2013 12:39:54] /attr slotype head
[1/8/2013 12:42:46] /i depth lorica
[1/8/2013 12:43:11] /i depth ocrea
[1/8/2013 12:43:36] /i prismatic shield
[1/8/2013 12:44:19] /i warlord sword
[1/8/2013 12:44:36] /i the epiphany
[1/8/2013 12:44:44] /i epihpany
[1/8/2013 12:44:51] /i epiphany
[1/8/2013 12:45:56] /i amulet of life
[1/8/2013 12:46:34] /i prismatic necklace
[1/8/2013 15:50:32] /shutdown
[1/8/2013 15:51:15] /shutdown
[1/8/2013 18:22:46] /goto celest
[1/8/2013 18:22:57] /r
[1/8/2013 18:23:1] /r
[1/8/2013 18:23:5] /i 19981
[1/8/2013 18:23:8] /i 19981
[1/8/2013 18:26:52] /c roflolz
[1/8/2013 19:18:59] /t
[3/8/2013 16:10:13] /reload raids
[3/8/2013 16:10:17] /goto morgaroth
[3/8/2013 16:10:21] /r
[3/8/2013 16:10:23] /t
[3/8/2013 16:13:11] /i great spirit potion
[3/8/2013 16:13:27] /goto royal derp
[3/8/2013 16:13:31] /i great spirit potion
[3/8/2013 16:13:34] /t
[7/8/2013 13:51:3] /reload spells
[7/8/2013 13:52:39] /reload spells
[8/8/2013 16:26:14] /goto dragon girl
[8/8/2013 16:27:37] /t
[8/8/2013 17:10:38] /goto vezox
[8/8/2013 17:12:27] /t
[8/8/2013 17:32:42] /i obsidian lance
[8/8/2013 17:32:44] /i obsidian lance
[8/8/2013 17:32:45] /i obsidian lance
[8/8/2013 17:32:50] /ghost
[8/8/2013 17:32:53] /goto randoom
[8/8/2013 17:34:16] /t
[8/8/2013 17:58:34] /t thane
[8/8/2013 17:58:38] /town thane
[8/8/2013 19:2:51] /t
[8/8/2013 20:46:39] /goto bubz
[8/8/2013 20:46:43] /ghost
[8/8/2013 20:46:49] /reload raids
[8/8/2013 20:47:31] /raid ferumbras
[8/8/2013 20:47:34] /t
[9/8/2013 17:35:13] /reload npcs
[9/8/2013 17:35:26] /ghost
[9/8/2013 17:35:29] /goto kerser
[9/8/2013 17:35:55] /t
[10/8/2013 17:0:29] /goto crimson dragon
[10/8/2013 17:0:33] /r
[10/8/2013 17:0:37] /goto crimson dragon
[10/8/2013 17:0:41] /goto crimson dragon
[10/8/2013 17:0:44] /goto crimson dragon
[10/8/2013 17:0:45] /goto crimson dragon
[10/8/2013 17:1:33] /t
[11/8/2013 15:57:23] /town thane
[11/8/2013 15:58:10] /m morgaroth
[11/8/2013 15:58:13] /t
[25/8/2013 13:46:34] /shutdown 5 Map Update
[25/8/2013 13:46:47] /shutdown 5
[25/8/2013 13:46:52] /m Map Update
[25/8/2013 13:47:3] /b Small map update.
[26/8/2013 12:28:17] /i 5278
[26/8/2013 12:28:23] /i 5279
[26/8/2013 12:29:13] /i 5282
[26/8/2013 16:34:22] /r
[26/8/2013 16:34:23] /r
[26/8/2013 16:34:24] /r
[26/8/2013 16:34:32] /i 9168
[26/8/2013 16:34:46] /i 9169
[26/8/2013 16:35:11] /i 9165
[26/8/2013 16:35:16] /i 9166
[26/8/2013 16:39:31] /town thane
[26/8/2013 16:40:2] /r
[26/8/2013 16:40:6] /i 9169
[26/8/2013 16:41:15] /r
[26/8/2013 16:41:16] /i 9169
[26/8/2013 16:41:20] /r
[26/8/2013 16:41:27] /i 9169
[26/8/2013 16:41:30] /r
[26/8/2013 16:41:41] /i 9166
[26/8/2013 16:41:44] /r
[26/8/2013 16:41:46] /i 9166
[26/8/2013 16:41:53] /ghost
[26/8/2013 16:42:43] /t
[26/8/2013 16:42:45] /r
[26/8/2013 16:42:46] /r
[26/8/2013 16:42:47] /r
[26/8/2013 16:42:48] /r
[1/9/2013 10:34:28] /reload monsters
[1/9/2013 11:6:29] /i volatile fuel
[1/9/2013 11:6:35] /goto vezox
[1/9/2013 11:6:50] /t
[4/9/2013 19:22:14] /reports
[6/9/2013 14:8:25] /b The server will be restarting in 5 minutes. It will be offline for up to 5 minutes while I perform some maintenence.
[6/9/2013 14:8:28] /shutdown 5
[9/9/2013 15:36:43] /i letter
[9/9/2013 15:50:44] /reload groups
[9/9/2013 15:58:34] /ghost
[9/9/2013 15:58:41] /goto abortionclinic33
[9/9/2013 15:59:25] /t
[9/9/2013 16:0:20] !baninfo
[9/9/2013 16:0:29] !baninfo abortionclinic33
[9/9/2013 16:6:23] /goto arbotionclinic33
[9/9/2013 16:6:29] /goto arbotionclinic33
[9/9/2013 16:6:38] /goto abortionclinic33
[9/9/2013 16:7:2] /t
[9/9/2013 16:20:51] /ban
[9/9/2013 16:22:32] /ban namereport
[9/9/2013 16:23:10] /ban
[9/9/2013 16:34:58] /reload talk
[9/9/2013 16:35:19] /namereport Kinarta
[9/9/2013 16:35:42] /namereport Kinarta
[10/9/2013 19:56:25] /goto germy
[10/9/2013 20:1:52] /town white-plume isle
[10/9/2013 20:8:46] /t
[10/9/2013 20:9:44] /town white-plume isle
[14/9/2013 13:22:57] /ping
[14/9/2013 14:53:58] /ping
[31/1/2014 15:0:22] /town gm island
[31/1/2014 15:0:26] /town gm isle
[31/1/2014 15:1:14] /owner gm yodot
[31/1/2014 15:1:57] /owner GM Yodot
[31/1/2014 15:17:20] /goto dav~
[31/1/2014 15:17:52] /t
